2023-01-14 11:29:48,054 [INFO] Activator:177 - 


2023-01-14 11:29:48,056 [INFO] Activator:178 - !SESSION log4j initialized
2023-01-14 11:30:12,810 [ERROR] LogOutputStream:74 - [STDERR_REDIRECT] SLF4J: Failed to load class "org.slf4j.impl.StaticLoggerBinder".
2023-01-14 11:30:12,812 [ERROR] LogOutputStream:74 - [STDERR_REDIRECT] SLF4J: Defaulting to no-operation (NOP) logger implementation
2023-01-14 11:30:12,815 [ERROR] LogOutputStream:74 - [STDERR_REDIRECT] SLF4J: See http://www.slf4j.org/codes.html#StaticLoggerBinder for further details.
2023-01-14 11:31:47,151 [INFO] McuFinderGlobals:44 - Set McuFinder mode to 2 (CubeIDE integrated)
2023-01-14 11:31:48,897 [INFO] ApplicationProperties:181 - Using Application install path: C:\ST\STM32CubeIDE_1.10.1\STM32CubeIDE\plugins\com.st.stm32cube.common.mx_6.6.1.202207061420
2023-01-14 11:31:48,928 [INFO] DbMcusXml:77 - Set database path to: C:\ST\STM32CubeIDE_1.10.1\STM32CubeIDE\plugins\com.st.stm32cube.common.mx_6.6.1.202207061420\\db\/mcu/
2023-01-14 11:31:48,929 [INFO] ApiDb:269 - Set plugin database path to: C:\ST\STM32CubeIDE_1.10.1\STM32CubeIDE\plugins\com.st.stm32cube.common.mx_6.6.1.202207061420\\db\/plugins/boardmanager/
2023-01-14 11:31:48,933 [WARN] ApiDb:254 - Overriding images path with different value:  => C:\ST\STM32CubeIDE_1.10.1\STM32CubeIDE\plugins\com.st.stm32cube.common.mx_6.6.1.202207061420\\db\/plugins/mcufinder/images/
2023-01-14 11:31:48,963 [INFO] ApiDb:249 - Set database path to: C:\Users\xanox\.stmcufinder\plugins\mcufinder//mcu/
2023-01-14 11:31:48,967 [INFO] DbMcusAds:124 - Set database path to: C:\Users\xanox\.stmcufinder\plugins\mcufinder//mcu/
2023-01-14 11:31:48,989 [INFO] CrossReferenceDbSqlite:201 - Set database path to: C:\Users\xanox\.stmcufinder\plugins\mcufinder//mcu/cs/
2023-01-14 11:31:49,197 [INFO] RulesReader:61 - Compatibility file has been processed (282 Rules)
2023-01-14 11:31:49,356 [INFO] DbMcusXml:77 - Set database path to: C:\ST\STM32CubeIDE_1.10.1\STM32CubeIDE\plugins\com.st.stm32cube.common.mx_6.6.1.202207061420\\db\/mcu/
2023-01-14 11:31:49,357 [INFO] ApiDb:269 - Set plugin database path to: C:\ST\STM32CubeIDE_1.10.1\STM32CubeIDE\plugins\com.st.stm32cube.common.mx_6.6.1.202207061420\\db\/plugins/boardmanager/
2023-01-14 11:31:49,357 [INFO] ApiDb:256 - Set plugin images path to: C:\ST\STM32CubeIDE_1.10.1\STM32CubeIDE\plugins\com.st.stm32cube.common.mx_6.6.1.202207061420\\db\/plugins/mcufinder/images/
2023-01-14 11:31:49,358 [WARN] DbFile:40 - Overriding database path with different value: C:\Users\xanox\.stmcufinder\plugins\mcufinder/ => C:\Users\xanox\.stmcufinder\plugins\mcufinder
2023-01-14 11:31:49,358 [INFO] ApiDb:249 - Set database path to: C:\Users\xanox\.stmcufinder\plugins\mcufinder//mcu/
2023-01-14 11:31:49,359 [WARN] DbFile:40 - Overriding database path with different value: C:\Users\xanox\.stmcufinder\plugins\mcufinder/ => C:\Users\xanox\.stmcufinder\plugins\mcufinder
2023-01-14 11:31:49,359 [INFO] DbMcusAds:124 - Set database path to: C:\Users\xanox\.stmcufinder\plugins\mcufinder//mcu/
2023-01-14 11:31:49,360 [WARN] DbFile:40 - Overriding database path with different value: C:\Users\xanox\.stmcufinder\plugins\mcufinder/ => C:\Users\xanox\.stmcufinder\plugins\mcufinder
2023-01-14 11:31:49,361 [WARN] DbFile:40 - Overriding database path with different value: C:\Users\xanox\.stmcufinder\plugins\mcufinder/ => C:\Users\xanox\.stmcufinder\plugins\mcufinder
2023-01-14 11:31:49,361 [INFO] CrossReferenceDbSqlite:201 - Set database path to: C:\Users\xanox\.stmcufinder\plugins\mcufinder//mcu/cs/
2023-01-14 11:31:49,492 [INFO] MainPanel:242 - HeapMemory: 268435456
2023-01-14 11:31:49,677 [INFO] DbMcusXml:77 - Set database path to: C:\ST\STM32CubeIDE_1.10.1\STM32CubeIDE\plugins\com.st.stm32cube.common.mx_6.6.1.202207061420\\db\/mcu/
2023-01-14 11:31:49,678 [INFO] ApiDb:269 - Set plugin database path to: C:\ST\STM32CubeIDE_1.10.1\STM32CubeIDE\plugins\com.st.stm32cube.common.mx_6.6.1.202207061420\\db\/plugins/boardmanager/
2023-01-14 11:31:49,678 [INFO] ApiDb:256 - Set plugin images path to: C:\ST\STM32CubeIDE_1.10.1\STM32CubeIDE\plugins\com.st.stm32cube.common.mx_6.6.1.202207061420\\db\/plugins/mcufinder/images/
2023-01-14 11:31:49,678 [WARN] DbFile:40 - Overriding database path with different value: C:\Users\xanox\.stmcufinder\plugins\mcufinder/ => C:\Users\xanox\.stmcufinder\plugins\mcufinder
2023-01-14 11:31:49,679 [INFO] ApiDb:249 - Set database path to: C:\Users\xanox\.stmcufinder\plugins\mcufinder//mcu/
2023-01-14 11:31:49,679 [WARN] DbFile:40 - Overriding database path with different value: C:\Users\xanox\.stmcufinder\plugins\mcufinder/ => C:\Users\xanox\.stmcufinder\plugins\mcufinder
2023-01-14 11:31:49,679 [INFO] DbMcusAds:124 - Set database path to: C:\Users\xanox\.stmcufinder\plugins\mcufinder//mcu/
2023-01-14 11:31:49,679 [WARN] DbFile:40 - Overriding database path with different value: C:\Users\xanox\.stmcufinder\plugins\mcufinder/ => C:\Users\xanox\.stmcufinder\plugins\mcufinder
2023-01-14 11:31:49,679 [WARN] DbFile:40 - Overriding database path with different value: C:\Users\xanox\.stmcufinder\plugins\mcufinder/ => C:\Users\xanox\.stmcufinder\plugins\mcufinder
2023-01-14 11:31:49,680 [INFO] CrossReferenceDbSqlite:201 - Set database path to: C:\Users\xanox\.stmcufinder\plugins\mcufinder//mcu/cs/
2023-01-14 11:31:49,705 [INFO] ApplicationProperties:181 - Using Application install path: C:\ST\STM32CubeIDE_1.10.1\STM32CubeIDE\plugins\com.st.stm32cube.common.mx_6.6.1.202207061420
2023-01-14 11:31:49,707 [INFO] PluginManage:193 - Search for loadable plugins [exclusion list=, ]
2023-01-14 11:31:49,710 [INFO] PluginManage:307 - Check plugin analytics
2023-01-14 11:31:49,948 [INFO] AnalyticsPlugin:262 - Accepted Software Licenses: 
2023-01-14 11:31:49,949 [INFO] AnalyticsPlugin:264 - Accepted CMSIS Pack Licenses: 
2023-01-14 11:31:49,951 [INFO] AnalyticsPlugin:266 - Accepted Firmware Licenses: FW.F4.1.27.0
2023-01-14 11:31:49,959 [INFO] PluginManage:356 - Loaded plugin analytics (category:tool,tabindex:-1)
2023-01-14 11:31:49,960 [INFO] PluginManage:307 - Check plugin cadmodel
2023-01-14 11:31:49,978 [INFO] CADModel:65 - Init CAD model plugin
2023-01-14 11:31:49,979 [INFO] PluginManage:356 - Loaded plugin cadmodel (category:power,tabindex:5)
2023-01-14 11:31:49,979 [INFO] PluginManage:307 - Check plugin clock
2023-01-14 11:31:50,011 [INFO] PluginManage:356 - Loaded plugin clock (category:base,tabindex:2)
2023-01-14 11:31:50,012 [INFO] PluginManage:307 - Check plugin ddr
2023-01-14 11:31:50,017 [INFO] PluginManage:356 - Loaded plugin ddr (category:tool,tabindex:6)
2023-01-14 11:31:50,017 [INFO] PluginManage:307 - Check plugin filemanager
2023-01-14 11:31:50,239 [INFO] PluginManage:356 - Loaded plugin filemanager (category:base,tabindex:10)
2023-01-14 11:31:50,240 [INFO] PluginManage:307 - Check plugin ipmanager
2023-01-14 11:31:50,256 [INFO] PluginManage:356 - Loaded plugin ipmanager (category:base,tabindex:5)
2023-01-14 11:31:50,256 [INFO] PluginManage:307 - Check plugin lpbam
2023-01-14 11:31:50,286 [INFO] PluginManage:356 - Loaded plugin lpbam (category:base,tabindex:0)
2023-01-14 11:31:50,287 [INFO] PluginManage:307 - Check plugin pinoutandconfiguration
2023-01-14 11:31:50,318 [INFO] PluginManage:356 - Loaded plugin pinoutandconfiguration (category:base,tabindex:1)
2023-01-14 11:31:50,318 [INFO] PluginManage:307 - Check plugin pinoutconfig
2023-01-14 11:31:50,389 [INFO] PluginManage:356 - Loaded plugin pinoutconfig (category:base,tabindex:0)
2023-01-14 11:31:50,390 [INFO] PluginManage:307 - Check plugin power
2023-01-14 11:31:50,418 [INFO] PluginManage:356 - Loaded plugin power (category:power,tabindex:4)
2023-01-14 11:31:50,419 [INFO] PluginManage:307 - Check plugin projectmanager
2023-01-14 11:31:50,447 [INFO] PluginManage:356 - Loaded plugin projectmanager (category:projectmanager,tabindex:3)
2023-01-14 11:31:50,448 [INFO] PluginManage:307 - Check plugin thirdparty
2023-01-14 11:31:50,823 [INFO] PluginManage:356 - Loaded plugin thirdparty (category:base,tabindex:-1)
2023-01-14 11:31:50,823 [WARN] IntegrityCheckThread:82 - waiting for thirdparty lock release [integrity check]
2023-01-14 11:31:50,824 [INFO] PluginManage:307 - Check plugin tools
2023-01-14 11:31:50,824 [INFO] IntegrityCheckThread:84 - entering critical section [integrity check]
2023-01-14 11:31:50,827 [INFO] ThirdPartyUpdaterWithRetryManager:70 - Updater plugin not ready yet. [1/15]
2023-01-14 11:31:50,864 [INFO] PluginManage:356 - Loaded plugin tools (category:base,tabindex:7)
2023-01-14 11:31:50,865 [INFO] PluginManage:307 - Check plugin tutovideos
2023-01-14 11:31:51,208 [INFO] PluginManage:356 - Loaded plugin tutovideos (category:base,tabindex:-1)
2023-01-14 11:31:51,209 [INFO] PluginManage:307 - Check plugin updater
2023-01-14 11:31:51,235 [INFO] PluginManage:356 - Loaded plugin updater (category:base,tabindex:12)
2023-01-14 11:31:51,237 [INFO] PluginManage:280 - PluginManage : Loaded plugins [15]
2023-01-14 11:31:51,675 [INFO] PinOutPanel:1468 - setPackage(No Configuration,No Configuration)
2023-01-14 11:31:51,788 [INFO] CADModel:98 - CPN selected for project level
2023-01-14 11:31:51,849 [INFO] IPUIPlugin:79 - create IPUIPlugin
2023-01-14 11:31:51,851 [INFO] PluginManager:217 - loadIPPluginJar : add adc
2023-01-14 11:31:51,896 [INFO] IPUIPlugin:79 - create IPUIPlugin
2023-01-14 11:31:51,896 [INFO] PluginManager:217 - loadIPPluginJar : add aes
2023-01-14 11:31:51,939 [INFO] IPUIPlugin:79 - create IPUIPlugin
2023-01-14 11:31:51,940 [INFO] PluginManager:217 - loadIPPluginJar : add can
2023-01-14 11:31:51,962 [INFO] IPUIPlugin:79 - create IPUIPlugin
2023-01-14 11:31:51,963 [INFO] PluginManager:217 - loadIPPluginJar : add comp
2023-01-14 11:31:51,996 [INFO] IPUIPlugin:79 - create IPUIPlugin
2023-01-14 11:31:51,997 [INFO] PluginManager:217 - loadIPPluginJar : add cryp
2023-01-14 11:31:52,035 [INFO] IPUIPlugin:79 - create IPUIPlugin
2023-01-14 11:31:52,035 [INFO] PluginManager:217 - loadIPPluginJar : add dfsdm
2023-01-14 11:31:52,056 [INFO] IPUIPlugin:79 - create IPUIPlugin
2023-01-14 11:31:52,056 [INFO] PluginManager:217 - loadIPPluginJar : add dma
2023-01-14 11:31:52,100 [INFO] IPUIPlugin:79 - create IPUIPlugin
2023-01-14 11:31:52,101 [INFO] PluginManager:217 - loadIPPluginJar : add dma3
2023-01-14 11:31:52,124 [INFO] IPUIPlugin:79 - create IPUIPlugin
2023-01-14 11:31:52,125 [INFO] PluginManager:217 - loadIPPluginJar : add fatfs
2023-01-14 11:31:52,196 [INFO] IPUIPlugin:79 - create IPUIPlugin
2023-01-14 11:31:52,197 [INFO] PluginManager:217 - loadIPPluginJar : add fmc
2023-01-14 11:31:52,218 [INFO] IPUIPlugin:79 - create IPUIPlugin
2023-01-14 11:31:52,219 [INFO] PluginManager:217 - loadIPPluginJar : add freertos
2023-01-14 11:31:52,245 [INFO] IPUIPlugin:79 - create IPUIPlugin
2023-01-14 11:31:52,246 [INFO] PluginManager:217 - loadIPPluginJar : add genericplugin
2023-01-14 11:31:52,359 [INFO] IPUIPlugin:79 - create IPUIPlugin
2023-01-14 11:31:52,360 [INFO] PluginManager:217 - loadIPPluginJar : add gfxmmu
2023-01-14 11:31:52,526 [INFO] IPUIPlugin:79 - create IPUIPlugin
2023-01-14 11:31:52,527 [INFO] PluginManager:217 - loadIPPluginJar : add gic
2023-01-14 11:31:52,546 [INFO] IPUIPlugin:79 - create IPUIPlugin
2023-01-14 11:31:52,546 [INFO] PluginManager:217 - loadIPPluginJar : add gpio
2023-01-14 11:31:52,664 [INFO] IPUIPlugin:79 - create IPUIPlugin
2023-01-14 11:31:52,665 [INFO] PluginManager:217 - loadIPPluginJar : add gtzc
2023-01-14 11:31:52,701 [INFO] IPUIPlugin:79 - create IPUIPlugin
2023-01-14 11:31:52,702 [INFO] PluginManager:217 - loadIPPluginJar : add hash
2023-01-14 11:31:52,765 [INFO] IPUIPlugin:79 - create IPUIPlugin
2023-01-14 11:31:52,765 [INFO] PluginManager:217 - loadIPPluginJar : add i2c
2023-01-14 11:31:52,818 [INFO] IPUIPlugin:79 - create IPUIPlugin
2023-01-14 11:31:52,819 [INFO] PluginManager:217 - loadIPPluginJar : add i2s
2023-01-14 11:31:52,966 [INFO] IPUIPlugin:79 - create IPUIPlugin
2023-01-14 11:31:52,967 [INFO] PluginManager:217 - loadIPPluginJar : add ipddr
2023-01-14 11:31:53,074 [INFO] IPUIPlugin:79 - create IPUIPlugin
2023-01-14 11:31:53,075 [INFO] PluginManager:217 - loadIPPluginJar : add linkedlist
2023-01-14 11:31:53,114 [INFO] IPUIPlugin:79 - create IPUIPlugin
2023-01-14 11:31:53,115 [INFO] PluginManager:217 - loadIPPluginJar : add lorawan
2023-01-14 11:31:53,159 [INFO] IPUIPlugin:79 - create IPUIPlugin
2023-01-14 11:31:53,159 [INFO] PluginManager:217 - loadIPPluginJar : add ltdc
2023-01-14 11:31:53,184 [INFO] IPUIPlugin:79 - create IPUIPlugin
2023-01-14 11:31:53,185 [INFO] PluginManager:217 - loadIPPluginJar : add mdma
2023-01-14 11:31:53,202 [INFO] IPUIPlugin:79 - create IPUIPlugin
2023-01-14 11:31:53,202 [INFO] PluginManager:217 - loadIPPluginJar : add nvic
2023-01-14 11:31:53,254 [INFO] IPUIPlugin:79 - create IPUIPlugin
2023-01-14 11:31:53,255 [INFO] PluginManager:217 - loadIPPluginJar : add opamp
2023-01-14 11:31:53,327 [INFO] IPUIPlugin:79 - create IPUIPlugin
2023-01-14 11:31:53,328 [INFO] PluginManager:217 - loadIPPluginJar : add openamp
2023-01-14 11:31:53,380 [INFO] IPUIPlugin:79 - create IPUIPlugin
2023-01-14 11:31:53,381 [INFO] PluginManager:217 - loadIPPluginJar : add pdm2pcm
2023-01-14 11:31:53,405 [INFO] IPUIPlugin:79 - create IPUIPlugin
2023-01-14 11:31:53,409 [INFO] PluginManager:217 - loadIPPluginJar : add plateformsettings
2023-01-14 11:31:53,432 [INFO] IPUIPlugin:79 - create IPUIPlugin
2023-01-14 11:31:53,433 [INFO] PluginManager:217 - loadIPPluginJar : add quadspi
2023-01-14 11:31:53,450 [INFO] IPUIPlugin:79 - create IPUIPlugin
2023-01-14 11:31:53,451 [INFO] PluginManager:217 - loadIPPluginJar : add resmgrutility
2023-01-14 11:31:53,505 [INFO] IPUIPlugin:79 - create IPUIPlugin
2023-01-14 11:31:53,506 [INFO] PluginManager:217 - loadIPPluginJar : add sai
2023-01-14 11:31:53,544 [INFO] IPUIPlugin:79 - create IPUIPlugin
2023-01-14 11:31:53,545 [INFO] PluginManager:217 - loadIPPluginJar : add spi
2023-01-14 11:31:53,604 [INFO] IPUIPlugin:79 - create IPUIPlugin
2023-01-14 11:31:53,605 [INFO] PluginManager:217 - loadIPPluginJar : add stm32_wpan
2023-01-14 11:31:53,629 [INFO] IPUIPlugin:79 - create IPUIPlugin
2023-01-14 11:31:53,630 [INFO] PluginManager:217 - loadIPPluginJar : add tim
2023-01-14 11:31:53,688 [INFO] IPUIPlugin:79 - create IPUIPlugin
2023-01-14 11:31:53,688 [INFO] PluginManager:217 - loadIPPluginJar : add touchsensing
2023-01-14 11:31:53,712 [INFO] IPUIPlugin:79 - create IPUIPlugin
2023-01-14 11:31:53,713 [INFO] PluginManager:217 - loadIPPluginJar : add tracer_emb
2023-01-14 11:31:53,740 [INFO] IPUIPlugin:79 - create IPUIPlugin
2023-01-14 11:31:53,741 [INFO] PluginManager:217 - loadIPPluginJar : add ts
2023-01-14 11:31:53,769 [INFO] IPUIPlugin:79 - create IPUIPlugin
2023-01-14 11:31:53,770 [INFO] PluginManager:217 - loadIPPluginJar : add tsc
2023-01-14 11:31:53,799 [INFO] IPUIPlugin:79 - create IPUIPlugin
2023-01-14 11:31:53,800 [INFO] PluginManager:217 - loadIPPluginJar : add ucpd
2023-01-14 11:31:53,843 [INFO] ThirdPartyUpdaterWithRetryManager:70 - Updater plugin not ready yet. [2/15]
2023-01-14 11:31:53,851 [INFO] IPUIPlugin:79 - create IPUIPlugin
2023-01-14 11:31:53,852 [INFO] PluginManager:217 - loadIPPluginJar : add usart
2023-01-14 11:31:53,905 [INFO] IPUIPlugin:79 - create IPUIPlugin
2023-01-14 11:31:53,905 [INFO] PluginManager:217 - loadIPPluginJar : add usbx
2023-01-14 11:31:54,337 [FATAL] Updater:301 - Updater called before beeing initialized
2023-01-14 11:31:54,527 [FATAL] Updater:301 - Updater called before beeing initialized
2023-01-14 11:31:54,542 [INFO] DbMcusAds:52 - JSON generation date=Thu Sep 30 08:55:09 CEST 2021 (1632984909377)
2023-01-14 11:31:54,543 [FATAL] Updater:301 - Updater called before beeing initialized
2023-01-14 11:31:54,647 [WARN] DetailPanel:344 - Failed to get advertising image, set to default
2023-01-14 11:31:54,812 [FATAL] Updater:301 - Updater called before beeing initialized
2023-01-14 11:31:54,815 [FATAL] Updater:301 - Updater called before beeing initialized
2023-01-14 11:31:54,816 [FATAL] Updater:301 - Updater called before beeing initialized
2023-01-14 11:31:54,816 [WARN] DetailPanel:344 - Failed to get advertising image, set to default
2023-01-14 11:31:54,818 [FATAL] Updater:301 - Updater called before beeing initialized
2023-01-14 11:31:54,907 [ERROR] Updater:1105 - MainUpdater not yet initialized. External WinMGr cannot be set.
2023-01-14 11:31:54,918 [INFO] Updater:1041 - Updater Version found : 6.6.1
2023-01-14 11:31:54,943 [INFO] ApplicationProperties:181 - Using Application install path: C:\ST\STM32CubeIDE_1.10.1\STM32CubeIDE\plugins\com.st.stm32cube.common.mx_6.6.1.202207061420
2023-01-14 11:31:55,182 [INFO] MainUpdater:2768 - connection check result : 10
2023-01-14 11:31:55,184 [INFO] MainUpdater:280 - Updater Check For Update Now.
2023-01-14 11:31:55,185 [INFO] MicroXplorer:481 - Change Database Version : DB.6.0.60
2023-01-14 11:31:55,401 [INFO] CheckServerUpdateThread:119 - End of CheckServer Thread
2023-01-14 11:31:55,426 [INFO] MainUpdater:2768 - connection check result : 10
2023-01-14 11:31:55,436 [INFO] MainUpdater:2768 - connection check result : 10
2023-01-14 11:31:55,657 [INFO] MicroXplorer:451 - Change Database Path : 
2023-01-14 11:31:55,658 [INFO] MicroXplorer:481 - Change Database Version : DB.6.0.60
2023-01-14 11:31:55,659 [WARN] ThirdParty:827 - waiting for thirdparty lock release [close project]
2023-01-14 11:31:57,073 [WARN] PackLoader:242 - Cannot read IP mode file for STMicroelectronics.X-CUBE-GNSS1.6.0.0
2023-01-14 11:31:57,126 [WARN] PackLoader:242 - Cannot read IP mode file for STMicroelectronics.X-CUBE-AZRTOS-F4.1.1.0
2023-01-14 11:31:57,154 [WARN] PackLoader:242 - Cannot read IP mode file for STMicroelectronics.X-CUBE-BLEMGR.1.2.0
2023-01-14 11:31:57,211 [WARN] PackLoader:242 - Cannot read IP mode file for STMicroelectronics.X-CUBE-AZRTOS-F7.1.1.0
2023-01-14 11:31:57,231 [WARN] PackLoader:242 - Cannot read IP mode file for STMicroelectronics.X-CUBE-BLE1.6.2.3
2023-01-14 11:31:57,246 [WARN] PackLoader:242 - Cannot read IP mode file for STMicroelectronics.X-CUBE-BLE1.6.2.4
2023-01-14 11:31:57,263 [WARN] PackLoader:242 - Cannot read IP mode file for STMicroelectronics.X-CUBE-NFC4.2.0.5
2023-01-14 11:31:57,281 [WARN] PackLoader:242 - Cannot read IP mode file for STMicroelectronics.X-CUBE-NFC4.2.0.4
2023-01-14 11:31:57,307 [WARN] PackLoader:242 - Cannot read IP mode file for STMicroelectronics.X-CUBE-TOF1.3.1.0
2023-01-14 11:31:57,328 [WARN] PackLoader:242 - Cannot read IP mode file for wolfSSL.I-CUBE-wolfSSL.5.5.1
2023-01-14 11:31:57,343 [WARN] PackLoader:242 - Cannot read IP mode file for STMicroelectronics.X-CUBE-NFC7.1.0.0
2023-01-14 11:31:57,427 [WARN] PackLoader:242 - Cannot read IP mode file for STMicroelectronics.X-CUBE-MEMS1.9.3.0
2023-01-14 11:31:57,629 [WARN] PackLoader:242 - Cannot read IP mode file for STMicroelectronics.X-CUBE-EEPRMA1.4.1.0
2023-01-14 11:31:57,645 [WARN] PackLoader:242 - Cannot read IP mode file for STMicroelectronics.X-CUBE-AI.7.2.0
2023-01-14 11:31:57,664 [WARN] PackLoader:242 - Cannot read IP mode file for STMicroelectronics.X-CUBE-SFXS2LP1.4.0.0
2023-01-14 11:31:57,681 [WARN] PackLoader:242 - Cannot read IP mode file for STMicroelectronics.X-CUBE-BLE2.3.3.0
2023-01-14 11:31:57,702 [WARN] PackLoader:242 - Cannot read IP mode file for STMicroelectronics.X-CUBE-DISPLAY.2.2.0
2023-01-14 11:31:57,728 [WARN] PackLoader:242 - Cannot read IP mode file for STMicroelectronics.X-CUBE-TOF1.3.2.0
2023-01-14 11:31:57,797 [WARN] PackLoader:242 - Cannot read IP mode file for STMicroelectronics.X-CUBE-AZRTOS-H7.3.0.0
2023-01-14 11:31:57,831 [WARN] PackLoader:242 - Cannot read IP mode file for STMicroelectronics.X-CUBE-ISPU.1.0.0
2023-01-14 11:31:57,847 [WARN] PackLoader:242 - Cannot read IP mode file for STMicroelectronics.X-CUBE-ISPU.1.1.0
2023-01-14 11:31:57,873 [WARN] PackLoader:242 - Cannot read IP mode file for RoweBots.I-CUBE-UNISONRTOS.5.5.0-4
2023-01-14 11:31:57,919 [WARN] PackLoader:242 - Cannot read IP mode file for STMicroelectronics.X-CUBE-AZRTOS-H7.2.1.0
2023-01-14 11:31:57,939 [WARN] PackLoader:242 - Cannot read IP mode file for STMicroelectronics.X-CUBE-TOUCHGFX.4.21.0
2023-01-14 11:31:57,986 [WARN] PackLoader:242 - Cannot read IP mode file for STMicroelectronics.X-CUBE-BLEMGR.1.0.0
2023-01-14 11:31:58,068 [WARN] PackLoader:242 - Cannot read IP mode file for STMicroelectronics.X-CUBE-MEMS1.9.4.0
2023-01-14 11:31:58,290 [WARN] PackLoader:242 - Cannot read IP mode file for STMicroelectronics.X-CUBE-AI.7.3.0
2023-01-14 11:31:58,308 [WARN] PackLoader:242 - Cannot read IP mode file for STMicroelectronics.X-CUBE-ALGOBUILD.1.3.0
2023-01-14 11:31:58,344 [WARN] PackLoader:242 - Cannot read IP mode file for STMicroelectronics.X-CUBE-AZRTOS-L5.1.1.0
2023-01-14 11:31:58,397 [WARN] PackLoader:242 - Cannot read IP mode file for STMicroelectronics.X-CUBE-AZRTOS-G0.1.1.0
2023-01-14 11:31:58,453 [WARN] PackLoader:242 - Cannot read IP mode file for STMicroelectronics.X-CUBE-SUBG2.5.0.0
2023-01-14 11:31:58,531 [WARN] PackLoader:242 - Cannot read IP mode file for SEGGER.I-CUBE-embOS.1.2.1
2023-01-14 11:31:58,618 [WARN] PackLoader:242 - Cannot read IP mode file for STMicroelectronics.FP-ATR-ASTRA1.1.1.1
2023-01-14 11:31:58,644 [WARN] PackLoader:242 - Cannot read IP mode file for STMicroelectronics.X-CUBE-BLEMGR.1.3.0
2023-01-14 11:31:58,682 [WARN] PackLoader:242 - Cannot read IP mode file for STMicroelectronics.X-CUBE-AZRTOS-G4.1.0.0
2023-01-14 11:31:58,699 [WARN] PackLoader:242 - Cannot read IP mode file for STMicroelectronics.FP-ATR-SIGFOX1.3.2.0
2023-01-14 11:31:58,739 [WARN] PackLoader:242 - Cannot read IP mode file for STMicroelectronics.X-CUBE-AZRTOS-L4.1.0.0
2023-01-14 11:31:58,761 [WARN] PackLoader:242 - Cannot read IP mode file for emotas.I-CUBE-CANOPEN.1.1.2
2023-01-14 11:31:58,775 [WARN] PackLoader:242 - Cannot read IP mode file for STMicroelectronics.X-CUBE-TOUCHGFX.4.20.0
2023-01-14 11:31:58,804 [WARN] PackLoader:242 - Cannot read IP mode file for STMicroelectronics.X-CUBE-AZRTOS-WL.1.0.0
2023-01-14 11:31:58,822 [WARN] PackLoader:242 - Cannot read IP mode file for portGmbH.I-Cube-SoM-uGOAL.1.1.0
2023-01-14 11:31:58,837 [WARN] PackLoader:242 - Cannot read IP mode file for STMicroelectronics.X-CUBE-ALS.1.0.1
2023-01-14 11:31:58,871 [WARN] PackLoader:242 - Cannot read IP mode file for STMicroelectronics.X-CUBE-AZRTOS-WB.1.1.0
2023-01-14 11:31:58,908 [WARN] PackLoader:242 - Cannot read IP mode file for STMicroelectronics.X-CUBE-AZRTOS-L5.1.0.0
2023-01-14 11:31:58,930 [WARN] PackLoader:242 - Cannot read IP mode file for STMicroelectronics.X-CUBE-EEPRMA1.3.1.1
2023-01-14 11:31:58,932 [INFO] ThirdParty:929 - Integrity check success = true
2023-01-14 11:31:58,932 [INFO] IntegrityCheckThread:98 - exiting critical section [integrity check]
2023-01-14 11:31:58,932 [INFO] IntegrityCheckThread:101 - End integrity checks thread
2023-01-14 11:31:58,932 [INFO] ThirdParty:829 - entering critical section [close project]
2023-01-14 11:31:58,934 [INFO] ThirdParty:839 - exiting critical section [close project]
2023-01-14 11:31:58,940 [INFO] PinOutPanel:1468 - setPackage(No Configuration,No Configuration)
2023-01-14 11:31:58,949 [INFO] UtilMem:74 - Begin LoadConfig() Used Memory: 215863896 Bytes (268435456)
2023-01-14 11:31:58,951 [INFO] MicroXplorer:451 - Change Database Path : 
2023-01-14 11:31:58,952 [INFO] MicroXplorer:481 - Change Database Version : DB.6.0.60
2023-01-14 11:31:58,952 [INFO] OpenFileManager:307 - Change cursor
2023-01-14 11:31:59,013 [INFO] Mcu:1922 - Initializing MCU STM32F401C(B-C)Ux STM32F401CCUx STM32F401CCU6
2023-01-14 11:32:01,195 [INFO] Context:654 - Trying to add GPIOservice into a context  which must be forbidden
2023-01-14 11:32:01,989 [WARN] ApiManager:308 - Cannot register API 'Board Extension:GNSS1A1' from pack STMicroelectronics.X-CUBE-GNSS1.6.0.0: no header file found
2023-01-14 11:32:01,990 [WARN] ApiManager:308 - Cannot register API 'Board Support:Custom' from pack STMicroelectronics.X-CUBE-GNSS1.6.0.0: no header file found
2023-01-14 11:32:01,990 [WARN] ApiManager:308 - Cannot register API 'Data Exchange:lib_gnss' from pack STMicroelectronics.X-CUBE-GNSS1.6.0.0: no header file found
2023-01-14 11:32:02,126 [WARN] ApiManager:308 - Cannot register API 'Board Extension:IKS01A3' from pack STMicroelectronics.X-CUBE-MEMS1.9.4.0: no header file found
2023-01-14 11:32:02,126 [WARN] ApiManager:308 - Cannot register API 'Board Extension:IKS01A2' from pack STMicroelectronics.X-CUBE-MEMS1.9.4.0: no header file found
2023-01-14 11:32:02,127 [WARN] ApiManager:308 - Cannot register API 'Board Extension:IKS02A1' from pack STMicroelectronics.X-CUBE-MEMS1.9.4.0: no header file found
2023-01-14 11:32:02,140 [WARN] ApiManager:308 - Cannot register API 'Wireless:BlueNRG-MS' from pack STMicroelectronics.X-CUBE-BLE1.6.2.3: no header file found
2023-01-14 11:32:02,141 [WARN] ApiManager:308 - Cannot register API 'Wireless:BlueNRG-MS' from pack STMicroelectronics.X-CUBE-BLE1.6.2.4: no header file found
2023-01-14 11:32:02,145 [INFO] RtosManager:488 - Registered RTOS mode: class=CMSIS, group=RTOS, mode=CMSIS_V1, owner=FREERTOS
2023-01-14 11:32:02,145 [INFO] RtosManager:488 - Registered RTOS mode: class=CMSIS, group=RTOS2, mode=CMSIS_V2, owner=FREERTOS
2023-01-14 11:32:02,146 [INFO] RtosManager:488 - Registered RTOS mode: class=RTOS, group=Core, mode=CMSIS_V1, owner=FREERTOS
2023-01-14 11:32:02,146 [INFO] RtosManager:488 - Registered RTOS mode: class=RTOS, group=Core, mode=CMSIS_V2, owner=FREERTOS
2023-01-14 11:32:02,146 [WARN] ModelIntegratedComponent:185 - Missing modes for component STMicroelectronics:FreeRTOS:0.0.1:STMicroelectronics:RTOS:FreeRTOS:Core:::10.2.0:
2023-01-14 11:32:02,154 [WARN] ApiManager:308 - Cannot register API 'Board Extension:S2868A1' from pack STMicroelectronics.X-CUBE-SUBG2.5.0.0: no header file found
2023-01-14 11:32:02,154 [WARN] ApiManager:308 - Cannot register API 'Board Extension:S2868A2' from pack STMicroelectronics.X-CUBE-SUBG2.5.0.0: no header file found
2023-01-14 11:32:02,154 [WARN] ApiManager:308 - Cannot register API 'Board Extension:S2915A1' from pack STMicroelectronics.X-CUBE-SUBG2.5.0.0: no header file found
2023-01-14 11:32:02,164 [WARN] ApiManager:308 - Cannot register API 'Board Extension:NFC04A1' from pack STMicroelectronics.X-CUBE-NFC4.2.0.5: no header file found
2023-01-14 11:32:02,165 [WARN] ApiManager:308 - Cannot register API 'Board Extension:NFC04A1' from pack STMicroelectronics.X-CUBE-NFC4.2.0.4: no header file found
2023-01-14 11:32:02,167 [WARN] ModelIntegratedComponent:183 - Modes not found for component STMicroelectronics:USB_HOST:1.0.0:STMicroelectronics:USB::USB Host:Audio HS::1.0:USB_HOST_1_0_RESTRICTED_HS
2023-01-14 11:32:02,168 [WARN] ModelIntegratedComponent:189 - Modes not found for component STMicroelectronics:USB_HOST:1.0.0:STMicroelectronics:USB::USB Host:Audio HS::1.0:USB_HOST_1_0_RESTRICTED_HS
2023-01-14 11:32:02,168 [WARN] ModelIntegratedComponent:183 - Modes not found for component STMicroelectronics:USB_HOST:1.0.0:STMicroelectronics:USB::USB Host:CDC HS::1.0:USB_HOST_1_0_RESTRICTED_HS
2023-01-14 11:32:02,168 [WARN] ModelIntegratedComponent:189 - Modes not found for component STMicroelectronics:USB_HOST:1.0.0:STMicroelectronics:USB::USB Host:CDC HS::1.0:USB_HOST_1_0_RESTRICTED_HS
2023-01-14 11:32:02,168 [WARN] ModelIntegratedComponent:183 - Modes not found for component STMicroelectronics:USB_HOST:1.0.0:STMicroelectronics:USB::USB Host:MSC HS::1.0:USB_HOST_1_0_RESTRICTED_HS
2023-01-14 11:32:02,169 [WARN] ModelIntegratedComponent:189 - Modes not found for component STMicroelectronics:USB_HOST:1.0.0:STMicroelectronics:USB::USB Host:MSC HS::1.0:USB_HOST_1_0_RESTRICTED_HS
2023-01-14 11:32:02,169 [WARN] ModelIntegratedComponent:183 - Modes not found for component STMicroelectronics:USB_HOST:1.0.0:STMicroelectronics:USB::USB Host:HID HS::1.0:USB_HOST_1_0_RESTRICTED_HS
2023-01-14 11:32:02,169 [WARN] ModelIntegratedComponent:189 - Modes not found for component STMicroelectronics:USB_HOST:1.0.0:STMicroelectronics:USB::USB Host:HID HS::1.0:USB_HOST_1_0_RESTRICTED_HS
2023-01-14 11:32:02,169 [WARN] ModelIntegratedComponent:183 - Modes not found for component STMicroelectronics:USB_HOST:1.0.0:STMicroelectronics:USB::USB Host:MTP HS::1.0:USB_HOST_1_0_RESTRICTED_HS
2023-01-14 11:32:02,169 [WARN] ModelIntegratedComponent:189 - Modes not found for component STMicroelectronics:USB_HOST:1.0.0:STMicroelectronics:USB::USB Host:MTP HS::1.0:USB_HOST_1_0_RESTRICTED_HS
2023-01-14 11:32:02,178 [WARN] ModelIntegratedComponent:64 - No mode defined for component null
2023-01-14 11:32:02,179 [WARN] ModelIntegratedComponent:64 - No mode defined for component null
2023-01-14 11:32:02,179 [WARN] ModelIntegratedComponent:64 - No mode defined for component null
2023-01-14 11:32:02,179 [WARN] ModelIntegratedComponent:64 - No mode defined for component null
2023-01-14 11:32:02,179 [WARN] ModelIntegratedComponent:64 - No mode defined for component null
2023-01-14 11:32:02,179 [WARN] ModelIntegratedComponent:64 - No mode defined for component null
2023-01-14 11:32:02,179 [WARN] ModelIntegratedComponent:64 - No mode defined for component null
2023-01-14 11:32:02,180 [WARN] ModelIntegratedComponent:64 - No mode defined for component null
2023-01-14 11:32:02,180 [WARN] ModelIntegratedComponent:64 - No mode defined for component null
2023-01-14 11:32:02,180 [WARN] ModelIntegratedComponent:64 - No mode defined for component null
2023-01-14 11:32:02,180 [WARN] ModelIntegratedComponent:64 - No mode defined for component null
2023-01-14 11:32:02,180 [WARN] ModelIntegratedComponent:64 - No mode defined for component null
2023-01-14 11:32:02,180 [WARN] ModelIntegratedComponent:64 - No mode defined for component null
2023-01-14 11:32:02,180 [WARN] ModelIntegratedComponent:64 - No mode defined for component null
2023-01-14 11:32:02,181 [WARN] ModelIntegratedComponent:64 - No mode defined for component null
2023-01-14 11:32:02,181 [WARN] ModelIntegratedComponent:64 - No mode defined for component null
2023-01-14 11:32:02,181 [WARN] ModelIntegratedComponent:64 - No mode defined for component null
2023-01-14 11:32:02,181 [WARN] ModelIntegratedComponent:64 - No mode defined for component null
2023-01-14 11:32:02,181 [WARN] ModelIntegratedComponent:64 - No mode defined for component null
2023-01-14 11:32:02,181 [WARN] ModelIntegratedComponent:64 - No mode defined for component null
2023-01-14 11:32:02,181 [WARN] ModelIntegratedComponent:64 - No mode defined for component null
2023-01-14 11:32:02,182 [WARN] ModelIntegratedComponent:64 - No mode defined for component null
2023-01-14 11:32:02,182 [WARN] ModelIntegratedComponent:64 - No mode defined for component null
2023-01-14 11:32:02,182 [WARN] ModelIntegratedComponent:64 - No mode defined for component null
2023-01-14 11:32:02,182 [WARN] ModelIntegratedComponent:64 - No mode defined for component null
2023-01-14 11:32:02,182 [WARN] ModelIntegratedComponent:64 - No mode defined for component null
2023-01-14 11:32:02,182 [WARN] ModelIntegratedComponent:64 - No mode defined for component null
2023-01-14 11:32:02,182 [WARN] ModelIntegratedComponent:64 - No mode defined for component null
2023-01-14 11:32:02,182 [WARN] ModelIntegratedComponent:64 - No mode defined for component null
2023-01-14 11:32:02,183 [WARN] ModelIntegratedComponent:64 - No mode defined for component null
2023-01-14 11:32:02,183 [WARN] ModelIntegratedComponent:64 - No mode defined for component null
2023-01-14 11:32:02,183 [WARN] ModelIntegratedComponent:64 - No mode defined for component null
2023-01-14 11:32:02,183 [WARN] ModelIntegratedComponent:64 - No mode defined for component null
2023-01-14 11:32:02,187 [WARN] ApiManager:308 - Cannot register API 'Board Extension:NFC07A1' from pack STMicroelectronics.X-CUBE-NFC7.1.0.0: no header file found
2023-01-14 11:32:02,259 [WARN] ApiManager:308 - Cannot register API 'Board Extension:IKS01A3' from pack STMicroelectronics.X-CUBE-MEMS1.9.3.0: no header file found
2023-01-14 11:32:02,260 [WARN] ApiManager:308 - Cannot register API 'Board Extension:IKS01A2' from pack STMicroelectronics.X-CUBE-MEMS1.9.3.0: no header file found
2023-01-14 11:32:02,260 [WARN] ApiManager:308 - Cannot register API 'Board Extension:IKS02A1' from pack STMicroelectronics.X-CUBE-MEMS1.9.3.0: no header file found
2023-01-14 11:32:02,265 [WARN] ApiManager:308 - Cannot register API 'Board Extension:EEPRMA1' from pack STMicroelectronics.X-CUBE-EEPRMA1.4.1.0: no header file found
2023-01-14 11:32:02,265 [WARN] ApiManager:308 - Cannot register API 'Board Extension:EEPRMA2' from pack STMicroelectronics.X-CUBE-EEPRMA1.4.1.0: no header file found
2023-01-14 11:32:02,265 [WARN] ApiManager:308 - Cannot register API 'Board Extension:PGEEZ1' from pack STMicroelectronics.X-CUBE-EEPRMA1.4.1.0: no header file found
2023-01-14 11:32:02,265 [WARN] ApiManager:308 - Cannot register API 'Board Part:M24' from pack STMicroelectronics.X-CUBE-EEPRMA1.4.1.0: no header file found
2023-01-14 11:32:02,265 [WARN] ApiManager:308 - Cannot register API 'Board Part:M95' from pack STMicroelectronics.X-CUBE-EEPRMA1.4.1.0: no header file found
2023-01-14 11:32:02,265 [WARN] ApiManager:308 - Cannot register API 'Board Part:M95P32' from pack STMicroelectronics.X-CUBE-EEPRMA1.4.1.0: no header file found
2023-01-14 11:32:02,265 [WARN] ApiManager:308 - Cannot register API 'PGEEZ1:SPI' from pack STMicroelectronics.X-CUBE-EEPRMA1.4.1.0: no header file found
2023-01-14 11:32:02,265 [WARN] ApiManager:308 - Cannot register API 'PGEEZ1:QDSPI' from pack STMicroelectronics.X-CUBE-EEPRMA1.4.1.0: no header file found
2023-01-14 11:32:02,269 [WARN] ModelIntegratedComponent:183 - Modes not found for component STMicroelectronics:USB_DEVICE:1.0.0:STMicroelectronics:USB::USB Device:Audio HS::1.0:USB_DEVICE_1_0_RESTRICTED_HS
2023-01-14 11:32:02,270 [WARN] ModelIntegratedComponent:189 - Modes not found for component STMicroelectronics:USB_DEVICE:1.0.0:STMicroelectronics:USB::USB Device:Audio HS::1.0:USB_DEVICE_1_0_RESTRICTED_HS
2023-01-14 11:32:02,271 [WARN] ModelIntegratedComponent:183 - Modes not found for component STMicroelectronics:USB_DEVICE:1.0.0:STMicroelectronics:USB::USB Device:CDC HS::1.0:USB_DEVICE_1_0_RESTRICTED_HS
2023-01-14 11:32:02,271 [WARN] ModelIntegratedComponent:189 - Modes not found for component STMicroelectronics:USB_DEVICE:1.0.0:STMicroelectronics:USB::USB Device:CDC HS::1.0:USB_DEVICE_1_0_RESTRICTED_HS
2023-01-14 11:32:02,271 [WARN] ModelIntegratedComponent:183 - Modes not found for component STMicroelectronics:USB_DEVICE:1.0.0:STMicroelectronics:USB::USB Device:DFU HS::1.0:USB_DEVICE_1_0_RESTRICTED_HS
2023-01-14 11:32:02,271 [WARN] ModelIntegratedComponent:189 - Modes not found for component STMicroelectronics:USB_DEVICE:1.0.0:STMicroelectronics:USB::USB Device:DFU HS::1.0:USB_DEVICE_1_0_RESTRICTED_HS
2023-01-14 11:32:02,271 [WARN] ModelIntegratedComponent:183 - Modes not found for component STMicroelectronics:USB_DEVICE:1.0.0:STMicroelectronics:USB::USB Device:HID HS::1.0:USB_DEVICE_1_0_RESTRICTED_HS
2023-01-14 11:32:02,271 [WARN] ModelIntegratedComponent:189 - Modes not found for component STMicroelectronics:USB_DEVICE:1.0.0:STMicroelectronics:USB::USB Device:HID HS::1.0:USB_DEVICE_1_0_RESTRICTED_HS
2023-01-14 11:32:02,271 [WARN] ModelIntegratedComponent:183 - Modes not found for component STMicroelectronics:USB_DEVICE:1.0.0:STMicroelectronics:USB::USB Device:Custom HID HS::1.0:USB_DEVICE_1_0_RESTRICTED_HS
2023-01-14 11:32:02,271 [WARN] ModelIntegratedComponent:189 - Modes not found for component STMicroelectronics:USB_DEVICE:1.0.0:STMicroelectronics:USB::USB Device:Custom HID HS::1.0:USB_DEVICE_1_0_RESTRICTED_HS
2023-01-14 11:32:02,271 [WARN] ModelIntegratedComponent:183 - Modes not found for component STMicroelectronics:USB_DEVICE:1.0.0:STMicroelectronics:USB::USB Device:MSC HS::1.0:USB_DEVICE_1_0_RESTRICTED_HS
2023-01-14 11:32:02,271 [WARN] ModelIntegratedComponent:189 - Modes not found for component STMicroelectronics:USB_DEVICE:1.0.0:STMicroelectronics:USB::USB Device:MSC HS::1.0:USB_DEVICE_1_0_RESTRICTED_HS
2023-01-14 11:32:02,273 [WARN] ApiManager:308 - Cannot register API 'Board Extension:EEPRMA1' from pack STMicroelectronics.X-CUBE-EEPRMA1.3.1.1: no header file found
2023-01-14 11:32:02,273 [WARN] ApiManager:308 - Cannot register API 'Board Extension:EEPRMA2' from pack STMicroelectronics.X-CUBE-EEPRMA1.3.1.1: no header file found
2023-01-14 11:32:02,274 [WARN] ApiManager:308 - Cannot register API 'Board Extension:S2868A1' from pack STMicroelectronics.X-CUBE-SFXS2LP1.4.0.0: no header file found
2023-01-14 11:32:02,275 [WARN] ApiManager:308 - Cannot register API 'Board Extension:S2868A2' from pack STMicroelectronics.X-CUBE-SFXS2LP1.4.0.0: no header file found
2023-01-14 11:32:02,275 [WARN] ApiManager:308 - Cannot register API 'Board Extension:S2915A1' from pack STMicroelectronics.X-CUBE-SFXS2LP1.4.0.0: no header file found
2023-01-14 11:32:02,276 [WARN] ApiManager:308 - Cannot register API 'Wireless:BlueNRG-2' from pack STMicroelectronics.X-CUBE-BLE2.3.3.0: no header file found
2023-01-14 11:32:02,300 [INFO] ThirdPartyModel:289 - Start build external matchings
2023-01-14 11:32:02,845 [INFO] ThirdPartyModel:302 - End build external matchings
2023-01-14 11:32:03,324 [INFO] UtilMem:74 - End LoadConfig() Used Memory: 190528720 Bytes (300941312)
2023-01-14 11:32:03,546 [INFO] ApiDb:576 - Connected to CubeFinder SQLite database (C:\Users\xanox\.stmcufinder\plugins\mcufinder\mcu\cube-finder-db.db)
2023-01-14 11:32:03,629 [INFO] ApiDb:663 - CubeFinder database Data Model version=2.1
2023-01-14 11:32:03,629 [INFO] ApiDb:664 - CubeFinder database Configuration version=3.0.35
2023-01-14 11:32:03,630 [INFO] ApiDb:665 - CubeFinder database generation date=2022-12-01 (1669903473)
2023-01-14 11:32:03,630 [INFO] ApiDb:666 - CubeFinder database FW Pack versions=[FP-ATR-ASTRA1_V1.1.1, STM32Cube_FW_C0_V1.0.0, STM32Cube_FW_F4_V1.27.1, STM32Cube_FW_F7_V1.17.0, STM32Cube_FW_G0_V1.6.1, STM32Cube_FW_G4_V1.5.0, STM32Cube_FW_H5_V0.5.1, STM32Cube_FW_H7_V1.11.0, STM32Cube_FW_L5_V1.5.0, STM32Cube_FW_U5_V1.1.1, STM32Cube_FW_WBA_V0.2.0, STM32Cube_FW_WB_V1.15.0, STM32Cube_FW_WB_V1.15.0RC1, STM32Cube_FW_WL_V1.3.0, X-CUBE-ALGOBUILD_V1.3.0, X-CUBE-ALS_V1.0.1, X-CUBE-AZRTOS-F4_V1.1.0, X-CUBE-AZRTOS-F7_V1.1.0, X-CUBE-AZRTOS-G0_V1.1.0, X-CUBE-AZRTOS-G4_V1.0.0, X-CUBE-AZRTOS-H7_V2.1.0, X-CUBE-AZRTOS-L4_V1.0.0, X-CUBE-AZRTOS-L5_V1.0.0, X-CUBE-AZRTOS-WL_V1.0.0, X-CUBE-BLE1_V6.2.4, X-CUBE-BLE2_V3.3.0, X-CUBE-BLEMGR_V1.3.0, X-CUBE-EEPRMA1_V3.1.1, X-CUBE-GNSS1_V6.0.0, X-CUBE-MEMS1_V9.1.0, X-CUBE-MEMS1_V9.3.0, X-CUBE-NFC4_V2.0.5, X-CUBE-NFC7_V1.0.0, X-CUBE-SFXS2LP1_V4.0.0, X-CUBE-SUBG2_V5.0.0]
2023-01-14 11:32:06,053 [INFO] ApiDb:239 - Found 138 in-development CPN: [B-WB1M-WPAN1, NUCLEO-C031C6, STEVAL-STWINBX1, STM320518-EVAL, STM32C0116-DK, STM32C011D6Y3TR, STM32C011D6Y6TR, STM32C011F4P3, STM32C011F4P6, STM32C011F4U3, STM32C011F4U6TR, STM32C011F6P3, STM32C011F6P6, STM32C011F6U3, STM32C011F6U6TR, STM32C011J4M3, STM32C011J4M6, STM32C011J6M3, STM32C011J6M6, STM32C0316-DK, STM32C031C4T3, STM32C031C4T6, STM32C031C4U3, STM32C031C4U6, STM32C031C6T3, STM32C031C6T6, STM32C031C6U3, STM32C031C6U6, STM32C031F4P3, STM32C031F4P6, STM32C031F6P3, STM32C031F6P6, STM32C031G4U3, STM32C031G4U6, STM32C031G6U3, STM32C031G6U6, STM32C031K4T3, STM32C031K4T6, STM32C031K4U3, STM32C031K4U6, STM32C031K6T3, STM32C031K6T6, STM32C031K6U3, STM32C031K6U6, STM32G071K8TXN, STM32G071K8UXN, STM32G081GBU6N, STM32G081KBT6N, STM32G081KBUXN, STM32G0B1CCT6N, STM32G0B1KCT6, STM32G0B1NEY6TR, STM32G0B1RCT6N, STM32G0C1CCT6, STM32G0C1CCT6N, STM32G0C1CCU6N, STM32G0C1CET6N, STM32G0C1CEU6N, STM32G0C1KCT6, STM32G0C1NEY6TR, STM32G0C1RCI6N, STM32G0C1RCT6N, STM32G0C1REI6N, STM32G0C1RET6N, STM32G0C1VCI6, STM32G0C1VEI6, STM32G471CCT6, STM32G471CCU6, STM32G471CET3, STM32G471CET6, STM32G471CEU3, STM32G471CEU6, STM32G471MCT6, STM32G471MET3, STM32G471MET6, STM32G471MEY6TR, STM32G471QCT6, STM32G471QET3, STM32G471RCT6, STM32G471RET3, STM32G471RET6, STM32G471VCH6, STM32G471VCI6, STM32G471VCT6, STM32G471VEH3, STM32G471VEH6, STM32G471VEI3, STM32G471VEI6, STM32G471VET3, STM32G471VET6, STM32G474CCT6, STM32L476VGY6PTR, STM32L4R5QGI6STR, STM32MP131AAE3, STM32MP131AAF3, STM32MP131AAG3, STM32MP131CAE3, STM32MP131CAF3, STM32MP131CAG3, STM32MP131DAE7, STM32MP131DAF7, STM32MP131DAG7, STM32MP131FAE7, STM32MP131FAF7, STM32MP131FAG7, STM32MP133AAE3, STM32MP133AAF3, STM32MP133AAG3, STM32MP133CAE3, STM32MP133CAF3, STM32MP133CAG3, STM32MP133DAE7, STM32MP133DAF7, STM32MP133DAG7, STM32MP133FAE7, STM32MP133FAF7, STM32MP133FAG7, STM32MP135AAE3, STM32MP135AAF3, STM32MP135AAG3, STM32MP135CAE3, STM32MP135CAF3, STM32MP135CAG3, STM32MP135DAE7, STM32MP135DAF7, STM32MP135DAG7, STM32MP135F-DK, STM32MP135FAE7, STM32MP135FAF7, STM32MP135FAG7, STM32U595ZJT6Q, STM32U599BJY6QTR, STM32U599NIH6Q, STM32U599NJH6Q, STM32U5A5ZJT6Q, STM32U5A9BJY6QTR, STM32U5A9NJH6Q, STM32WB1MMCH6]
2023-01-14 11:32:06,058 [INFO] DbMcus:215 - Found 3580 MCUs, 3580 are supported
2023-01-14 11:32:06,061 [INFO] ApiDb:418 - Load user favorites file C:\Users\xanox/.stm32cubeide/favorites.mcus.txt: 0 item(s)
2023-01-14 11:32:06,062 [INFO] ApiDb:422 - User favorites MCUs=[]
2023-01-14 11:32:06,062 [INFO] DbMcus:221 - Set 0 / 0 favorites MCUs
2023-01-14 11:32:06,235 [WARN] ThirdParty:789 - waiting for thirdparty lock release [change project]
2023-01-14 11:32:06,235 [INFO] ThirdParty:791 - entering critical section [change project]
2023-01-14 11:32:06,236 [INFO] ThirdParty:981 - CMSIS Pack Vendor :STMicroelectronics X-CUBE-ISPU 1.1.0
2023-01-14 11:32:06,236 [INFO] ThirdParty:981 - CMSIS Pack Vendor :RoweBots I-CUBE-UNISONRTOS 5.5.0-4
2023-01-14 11:32:06,236 [INFO] ThirdParty:981 - CMSIS Pack Vendor :STMicroelectronics X-CUBE-GNSS1 6.0.0
2023-01-14 11:32:06,236 [INFO] ThirdParty:981 - CMSIS Pack Vendor :STMicroelectronics X-CUBE-AZRTOS-H7 2.1.0
2023-01-14 11:32:06,236 [INFO] ThirdParty:981 - CMSIS Pack Vendor :STMicroelectronics USB_HOST 2.0.0
2023-01-14 11:32:06,236 [INFO] ThirdParty:981 - CMSIS Pack Vendor :STMicroelectronics X-CUBE-AZRTOS-F4 1.1.0
2023-01-14 11:32:06,236 [INFO] ThirdParty:981 - CMSIS Pack Vendor :STMicroelectronics LIBJPEG 8.0.0
2023-01-14 11:32:06,236 [INFO] ThirdParty:981 - CMSIS Pack Vendor :STMicroelectronics USB_DEVICE 3.0.0
2023-01-14 11:32:06,236 [INFO] ThirdParty:981 - CMSIS Pack Vendor :STMicroelectronics X-CUBE-TOUCHGFX 4.21.0
2023-01-14 11:32:06,236 [INFO] ThirdParty:981 - CMSIS Pack Vendor :STMicroelectronics X-CUBE-BLEMGR 1.0.0
2023-01-14 11:32:06,236 [INFO] ThirdParty:981 - CMSIS Pack Vendor :STMicroelectronics X-CUBE-BLEMGR 1.2.0
2023-01-14 11:32:06,236 [INFO] ThirdParty:981 - CMSIS Pack Vendor :STMicroelectronics X-CUBE-AZRTOS-F7 1.1.0
2023-01-14 11:32:06,237 [INFO] ThirdParty:981 - CMSIS Pack Vendor :STMicroelectronics X-CUBE-MEMS1 9.4.0
2023-01-14 11:32:06,237 [INFO] ThirdParty:981 - CMSIS Pack Vendor :STMicroelectronics USB_DEVICE 2.0.0
2023-01-14 11:32:06,237 [INFO] ThirdParty:981 - CMSIS Pack Vendor :STMicroelectronics X-CUBE-AI 7.3.0
2023-01-14 11:32:06,237 [INFO] ThirdParty:981 - CMSIS Pack Vendor :STMicroelectronics X-CUBE-BLE1 6.2.3
2023-01-14 11:32:06,237 [INFO] ThirdParty:981 - CMSIS Pack Vendor :STMicroelectronics X-CUBE-ALGOBUILD 1.3.0
2023-01-14 11:32:06,237 [INFO] ThirdParty:981 - CMSIS Pack Vendor :STMicroelectronics X-CUBE-BLE1 6.2.4
2023-01-14 11:32:06,237 [INFO] ThirdParty:981 - CMSIS Pack Vendor :STMicroelectronics X-CUBE-AZRTOS-L5 1.1.0
2023-01-14 11:32:06,237 [INFO] ThirdParty:981 - CMSIS Pack Vendor :STMicroelectronics FreeRTOS 0.0.1
2023-01-14 11:32:06,237 [INFO] ThirdParty:981 - CMSIS Pack Vendor :STMicroelectronics X-CUBE-AZRTOS-G0 1.1.0
2023-01-14 11:32:06,237 [INFO] ThirdParty:981 - CMSIS Pack Vendor :STMicroelectronics X-CUBE-SUBG2 5.0.0
2023-01-14 11:32:06,237 [INFO] ThirdParty:981 - CMSIS Pack Vendor :STMicroelectronics STM32_WPAN 1.0.0
2023-01-14 11:32:06,237 [INFO] ThirdParty:981 - CMSIS Pack Vendor :SEGGER I-CUBE-embOS 1.2.1
2023-01-14 11:32:06,237 [INFO] ThirdParty:981 - CMSIS Pack Vendor :STMicroelectronics lwIP 2.0.3
2023-01-14 11:32:06,237 [INFO] ThirdParty:981 - CMSIS Pack Vendor :STMicroelectronics X-CUBE-NFC4 2.0.5
2023-01-14 11:32:06,237 [INFO] ThirdParty:981 - CMSIS Pack Vendor :STMicroelectronics X-CUBE-NFC4 2.0.4
2023-01-14 11:32:06,237 [INFO] ThirdParty:981 - CMSIS Pack Vendor :STMicroelectronics USB_HOST 1.0.0
2023-01-14 11:32:06,237 [INFO] ThirdParty:981 - CMSIS Pack Vendor :STMicroelectronics PDM2PCM 3.1.0
2023-01-14 11:32:06,237 [INFO] ThirdParty:981 - CMSIS Pack Vendor :STMicroelectronics FP-ATR-ASTRA1 1.1.1
2023-01-14 11:32:06,238 [INFO] ThirdParty:981 - CMSIS Pack Vendor :STMicroelectronics PDM2PCM 3.3.0
2023-01-14 11:32:06,238 [INFO] ThirdParty:981 - CMSIS Pack Vendor :STMicroelectronics X-CUBE-TOF1 3.1.0
2023-01-14 11:32:06,238 [INFO] ThirdParty:981 - CMSIS Pack Vendor :STMicroelectronics X-CUBE-BLEMGR 1.3.0
2023-01-14 11:32:06,238 [INFO] ThirdParty:981 - CMSIS Pack Vendor :STMicroelectronics X-CUBE-AZRTOS-G4 1.0.0
2023-01-14 11:32:06,238 [INFO] ThirdParty:981 - CMSIS Pack Vendor :STMicroelectronics FP-ATR-SIGFOX1 3.2.0
2023-01-14 11:32:06,238 [INFO] ThirdParty:981 - CMSIS Pack Vendor :STMicroelectronics X-CUBE-AZRTOS-L4 1.0.0
2023-01-14 11:32:06,238 [INFO] ThirdParty:981 - CMSIS Pack Vendor :wolfSSL I-CUBE-wolfSSL 5.5.1
2023-01-14 11:32:06,238 [INFO] ThirdParty:981 - CMSIS Pack Vendor :STMicroelectronics HAL Drivers 0.0.0
2023-01-14 11:32:06,238 [INFO] ThirdParty:981 - CMSIS Pack Vendor :STMicroelectronics MBEDTLS 2.16.2
2023-01-14 11:32:06,238 [INFO] ThirdParty:981 - CMSIS Pack Vendor :emotas I-CUBE-CANOPEN 1.1.2
2023-01-14 11:32:06,238 [INFO] ThirdParty:981 - CMSIS Pack Vendor :STMicroelectronics X-CUBE-TOUCHGFX 4.20.0
2023-01-14 11:32:06,238 [INFO] ThirdParty:981 - CMSIS Pack Vendor :STMicroelectronics MBEDTLS 2.14.1
2023-01-14 11:32:06,238 [INFO] ThirdParty:981 - CMSIS Pack Vendor :STMicroelectronics X-CUBE-NFC7 1.0.0
2023-01-14 11:32:06,238 [INFO] ThirdParty:981 - CMSIS Pack Vendor :STMicroelectronics X-CUBE-AZRTOS-WL 1.0.0
2023-01-14 11:32:06,238 [INFO] ThirdParty:981 - CMSIS Pack Vendor :STMicroelectronics X-CUBE-MEMS1 9.3.0
2023-01-14 11:32:06,238 [INFO] ThirdParty:981 - CMSIS Pack Vendor :STMicroelectronics X-CUBE-EEPRMA1 4.1.0
2023-01-14 11:32:06,239 [INFO] ThirdParty:981 - CMSIS Pack Vendor :portGmbH I-Cube-SoM-uGOAL 1.1.0
2023-01-14 11:32:06,239 [INFO] ThirdParty:981 - CMSIS Pack Vendor :STMicroelectronics X-CUBE-ALS 1.0.1
2023-01-14 11:32:06,239 [INFO] ThirdParty:981 - CMSIS Pack Vendor :STMicroelectronics X-CUBE-AI 7.2.0
2023-01-14 11:32:06,239 [INFO] ThirdParty:981 - CMSIS Pack Vendor :STMicroelectronics ThreadX 1.0.0
2023-01-14 11:32:06,239 [INFO] ThirdParty:981 - CMSIS Pack Vendor :STMicroelectronics X-CUBE-AZRTOS-WB 1.1.0
2023-01-14 11:32:06,239 [INFO] ThirdParty:981 - CMSIS Pack Vendor :STMicroelectronics X-CUBE-AZRTOS-L5 1.0.0
2023-01-14 11:32:06,239 [INFO] ThirdParty:981 - CMSIS Pack Vendor :STMicroelectronics USB_DEVICE 1.0.0
2023-01-14 11:32:06,239 [INFO] ThirdParty:981 - CMSIS Pack Vendor :STMicroelectronics X-CUBE-EEPRMA1 3.1.1
2023-01-14 11:32:06,239 [INFO] ThirdParty:981 - CMSIS Pack Vendor :STMicroelectronics ThreadX 0.0.2
2023-01-14 11:32:06,239 [INFO] ThirdParty:981 - CMSIS Pack Vendor :STMicroelectronics lwIP 2.1.2
2023-01-14 11:32:06,239 [INFO] ThirdParty:981 - CMSIS Pack Vendor :STMicroelectronics X-CUBE-SFXS2LP1 4.0.0
2023-01-14 11:32:06,239 [INFO] ThirdParty:981 - CMSIS Pack Vendor :STMicroelectronics X-CUBE-BLE2 3.3.0
2023-01-14 11:32:06,239 [INFO] ThirdParty:981 - CMSIS Pack Vendor :STMicroelectronics X-CUBE-DISPLAY 2.2.0
2023-01-14 11:32:06,239 [INFO] ThirdParty:981 - CMSIS Pack Vendor :STMicroelectronics X-CUBE-TOF1 3.2.0
2023-01-14 11:32:06,239 [INFO] ThirdParty:981 - CMSIS Pack Vendor :STMicroelectronics PDM2PCM 3.2.0
2023-01-14 11:32:06,240 [INFO] ThirdParty:981 - CMSIS Pack Vendor :STMicroelectronics X-CUBE-AZRTOS-H7 3.0.0
2023-01-14 11:32:06,240 [INFO] ThirdParty:981 - CMSIS Pack Vendor :STMicroelectronics X-CUBE-ISPU 1.0.0
2023-01-14 11:32:06,240 [INFO] ThirdParty:797 - exiting critical section [change project]
2023-01-14 11:32:06,831 [INFO] PinOutPanel:1468 - setPackage(No Configuration,No Configuration)
2023-01-14 11:32:06,834 [INFO] PinOutPanel:1468 - setPackage(STM32F401CCUx,UFQFPN48)
2023-01-14 11:32:07,816 [INFO] UtilMem:74 - Before build in PCC Used Memory: 202396840 Bytes (300941312)
2023-01-14 11:32:09,349 [INFO] UtilMem:74 - After build in PCC Used Memory: 250754880 Bytes (300941312)
2023-01-14 11:32:09,419 [INFO] IPUIPlugin:79 - create IPUIPlugin
2023-01-14 11:32:09,419 [INFO] IPUIPlugin:79 - create IPUIPlugin
2023-01-14 11:32:09,420 [INFO] IPUIPlugin:79 - create IPUIPlugin
2023-01-14 11:32:09,420 [INFO] IPUIPlugin:79 - create IPUIPlugin
2023-01-14 11:32:09,421 [INFO] IPUIPlugin:79 - create IPUIPlugin
2023-01-14 11:32:09,421 [INFO] IPUIPlugin:79 - create IPUIPlugin
2023-01-14 11:32:09,422 [INFO] IPUIPlugin:79 - create IPUIPlugin
2023-01-14 11:32:09,422 [INFO] IPUIPlugin:79 - create IPUIPlugin
2023-01-14 11:32:09,423 [INFO] IPUIPlugin:79 - create IPUIPlugin
2023-01-14 11:32:09,423 [INFO] IPUIPlugin:79 - create IPUIPlugin
2023-01-14 11:32:09,423 [INFO] IPUIPlugin:79 - create IPUIPlugin
2023-01-14 11:32:09,424 [INFO] IPUIPlugin:79 - create IPUIPlugin
2023-01-14 11:32:09,425 [INFO] IPUIPlugin:79 - create IPUIPlugin
2023-01-14 11:32:09,425 [INFO] IPUIPlugin:79 - create IPUIPlugin
2023-01-14 11:32:09,426 [INFO] IPUIPlugin:79 - create IPUIPlugin
2023-01-14 11:32:09,427 [INFO] IPUIPlugin:79 - create IPUIPlugin
2023-01-14 11:32:09,428 [INFO] IPUIPlugin:79 - create IPUIPlugin
2023-01-14 11:32:09,429 [INFO] IPUIPlugin:79 - create IPUIPlugin
2023-01-14 11:32:09,430 [INFO] IPUIPlugin:79 - create IPUIPlugin
2023-01-14 11:32:09,430 [INFO] IPUIPlugin:79 - create IPUIPlugin
2023-01-14 11:32:09,431 [INFO] IPUIPlugin:79 - create IPUIPlugin
2023-01-14 11:32:09,431 [INFO] IPUIPlugin:79 - create IPUIPlugin
2023-01-14 11:32:09,432 [INFO] IPUIPlugin:79 - create IPUIPlugin
2023-01-14 11:32:09,433 [INFO] IPUIPlugin:79 - create IPUIPlugin
2023-01-14 11:32:09,434 [INFO] IPUIPlugin:79 - create IPUIPlugin
2023-01-14 11:32:09,434 [INFO] IPUIPlugin:79 - create IPUIPlugin
2023-01-14 11:32:09,435 [INFO] IPUIPlugin:79 - create IPUIPlugin
2023-01-14 11:32:09,436 [INFO] IPUIPlugin:79 - create IPUIPlugin
2023-01-14 11:32:09,437 [INFO] IPUIPlugin:79 - create IPUIPlugin
2023-01-14 11:32:09,437 [INFO] IPUIPlugin:79 - create IPUIPlugin
2023-01-14 11:32:09,438 [INFO] IPUIPlugin:79 - create IPUIPlugin
2023-01-14 11:32:09,439 [INFO] IPUIPlugin:79 - create IPUIPlugin
2023-01-14 11:32:09,440 [INFO] IPUIPlugin:79 - create IPUIPlugin
2023-01-14 11:32:09,440 [INFO] IPUIPlugin:79 - create IPUIPlugin
2023-01-14 11:32:09,441 [INFO] IPUIPlugin:79 - create IPUIPlugin
2023-01-14 11:32:09,442 [INFO] IPUIPlugin:79 - create IPUIPlugin
2023-01-14 11:32:09,442 [INFO] IPUIPlugin:79 - create IPUIPlugin
2023-01-14 11:32:09,577 [INFO] ApiDbMcu:505 - Load IP Config File for PDM2PCM
2023-01-14 11:32:10,088 [INFO] OpenFileManager:327 - Restore cursor
2023-01-14 13:06:38,864 [ERROR] ConfigurationRetriever:139 - IOException on connection: Read timed out
